Arguments: 
  /usr/bin/node /usr/local/bin/yarn add react-highlight-words

PATH: 
  /home/fran-oliver/Android/Sdk/tools/:/home/fran-oliver/Android/android-ndk-r16b-linux-x86_64:/home/fran-oliver/anaconda3/bin:/home/fran-oliver/Android/Sdk/tools/:/home/fran-oliver/Android/android-ndk-r16b-linux-x86_64:/usr/local/sbin:/usr/local/bin:/usr/sbin:/usr/bin:/sbin:/bin:/usr/games:/usr/local/games:/snap/bin:/home/fran-oliver/Android/Sdk/emulator:/home/fran-oliver/Android/Sdk/tools:/home/fran-oliver/Android/Sdk/tools/bin:/home/fran-oliver/Android/Sdk/platform-tools:/home/fran-oliver/Android/Sdk/emulator:/home/fran-oliver/Android/Sdk/tools:/home/fran-oliver/Android/Sdk/tools/bin:/home/fran-oliver/Android/Sdk/platform-tools:/usr/lib/jvm/java-8-openjdk-amd64/bin:home/fran-oliver/Android/Sdk/tools:home/fran-oliver/Android/Sdk/platform-tools:/usr/lib/jvm/java-8-openjdk-amd64/bin:home/fran-oliver/Android/Sdk/tools:home/fran-oliver/Android/Sdk/platform-tools

Yarn version: 
  1.12.1

Node version: 
  8.11.4

Platform: 
  linux x64

Trace: 
  Error: EACCES: permission denied, mkdir '/home/fran-oliver/www/codenation/react-0/node_modules/anymatch/node_modules'

npm manifest: 
  {
    "name": "test_files",
    "version": "0.1.0",
    "private": true,
    "dependencies": {
      "bootstrap": "^4.1.3",
      "cross-env": "^5.2.0",
      "enzyme": "^3.6.0",
      "enzyme-adapter-react-16": "^1.5.0",
      "prop-types": "^15.6.2",
      "react": "^16.5.0",
      "react-dom": "^16.5.0",
      "react-scripts": "1.1.5"
    },
    "scripts": {
      "start": "react-scripts start",
      "build": "react-scripts build",
      "test": "cross-env CI=true react-scripts test --env=jsdom",
      "exec": "cross-env CI=true react-scripts test --env=jsdom --json",
      "eject": "react-scripts eject",
      "submit": "codenation-jest-score ./score-map.json"
    }
  }

yarn manifest: 
  No manifest

Lockfile: 
  No lockfile
